2025-01-23 15:33:20 [main] INFO  org.testng.internal.Utils - [TestNG] Time taken by org.testng.reporters.jq.Main@7fd69dd: 483 ms
2025-01-23 15:33:20 [main] INFO  org.testng.internal.Utils - [TestNG] Time taken by org.testng.reporters.FailedReporter@87b5b49: 22 ms
2025-01-23 15:33:20 [main] INFO  org.testng.internal.Utils - [TestNG] Time taken by org.testng.reporters.XMLReporter@100c567f: 20 ms
2025-01-23 15:33:20 [main] INFO  org.testng.internal.Utils - [TestNG] Time taken by org.testng.reporters.EmailableReporter2@6bf13698: 8 ms
2025-01-23 15:33:20 [main] INFO  org.testng.internal.Utils - [TestNG] Time taken by org.testng.reporters.JUnitReportReporter@f446158: 9 ms
2025-01-23 15:33:20 [main] INFO  org.testng.internal.Utils - [TestNG] Time taken by org.testng.internal.ExitCodeListener@32f0c7f8: 0 ms
2025-02-08 12:42:29 [main] DEBUG org.testng.TestNG - suiteXmlPath: "C:\Users\shubh\OneDrive\HybridTestngFramework\opencartv1.0\testng.xml"
2025-02-08 12:42:29 [main] INFO  org.testng.internal.Utils - [TestNG] Running:
  C:\Users\shubh\OneDrive\HybridTestngFramework\opencartv1.0\testng.xml

2025-02-08 12:43:55 [main] DEBUG org.testng.TestNG - suiteXmlPath: "C:\Users\shubh\OneDrive\HybridTestngFramework\opencartv1.0\testng.xml"
2025-02-08 12:43:55 [main] INFO  org.testng.internal.Utils - [TestNG] Running:
  C:\Users\shubh\OneDrive\HybridTestngFramework\opencartv1.0\testng.xml

2025-02-08 12:44:09 [main] INFO  testCases.LoginTest - ******* Starting test 2 *****
2025-02-08 12:44:09 [main] INFO  testCases.LoginTest - ******* Starting test 2 *****
2025-02-08 12:44:10 [main] INFO  testCases.LoginTest - ******* Entering login details *****
2025-02-08 12:44:13 [main] INFO  testCases.LoginTest - ******* Entering login details *****
2025-02-08 12:44:13 [main] INFO  testCases.LoginTest - ******* Verificatio of login *****
2025-02-08 12:44:15 [main] INFO  testCases.LoginTest - ******* Verificatio of login *****
2025-02-08 12:44:21 [main] DEBUG org.apache.poi.openxml4j.opc.PackageRelationshipCollection - Parsing relationship: /xl/_rels/workbook.xml.rels
2025-02-08 12:44:21 [main] DEBUG org.apache.poi.openxml4j.opc.PackageRelationshipCollection - Parsing relationship: /xl/worksheets/_rels/sheet1.xml.rels
2025-02-08 12:44:21 [main] DEBUG org.apache.poi.openxml4j.opc.PackageRelationshipCollection - Parsing relationship: /_rels/.rels
2025-02-08 12:44:22 [main] DEBUG org.apache.poi.openxml4j.opc.PackageRelationshipCollection - Parsing relationship: /xl/_rels/workbook.xml.rels
2025-02-08 12:44:22 [main] DEBUG org.apache.poi.openxml4j.opc.PackageRelationshipCollection - Parsing relationship: /xl/worksheets/_rels/sheet1.xml.rels
2025-02-08 12:44:22 [main] DEBUG org.apache.poi.openxml4j.opc.PackageRelationshipCollection - Parsing relationship: /_rels/.rels
2025-02-08 12:54:26 [main] DEBUG org.testng.TestNG - suiteXmlPath: "C:\Users\shubh\OneDrive\HybridTestngFramework\opencartv1.0\grouping.xml"
2025-02-08 12:54:26 [main] INFO  org.testng.internal.Utils - [TestNG] Running:
  C:\Users\shubh\OneDrive\HybridTestngFramework\opencartv1.0\grouping.xml

2025-02-08 12:54:31 [main] INFO  testCases.LoginTest - ******* Starting test 2 *****
2025-02-08 12:54:32 [main] INFO  testCases.LoginTest - ******* Entering login details *****
2025-02-08 12:54:33 [main] INFO  testCases.LoginTest - ******* Verificatio of login *****
2025-02-08 14:35:00 [main] DEBUG org.testng.TestNG - suiteXmlPath: "C:\Users\shubh\OneDrive\HybridTestngFramework\opencartv1.0\grouping.xml"
2025-02-08 14:38:21 [main] DEBUG org.testng.TestNG - suiteXmlPath: "C:\Users\shubh\OneDrive\HybridTestngFramework\opencartv1.0\grouping.xml"
2025-02-08 14:38:21 [main] INFO  org.testng.internal.Utils - [TestNG] Running:
  C:\Users\shubh\OneDrive\HybridTestngFramework\opencartv1.0\grouping.xml

2025-02-08 14:38:27 [main] INFO  testCases.LoginTest - ******* Starting test 2 *****
2025-02-08 14:38:28 [main] INFO  testCases.LoginTest - ******* Entering login details *****
2025-02-08 14:38:29 [main] INFO  testCases.LoginTest - ******* Verificatio of login *****
2025-02-11 11:31:52 [main] DEBUG org.testng.TestNG - suiteXmlPath: "C:\Users\shubh\OneDrive\HybridTestngFramework\opencartv1.0\testng.xml"
2025-02-11 11:31:53 [main] INFO  org.testng.internal.Utils - [TestNG] Running:
  C:\Users\shubh\OneDrive\HybridTestngFramework\opencartv1.0\testng.xml

2025-02-11 11:32:01 [main] INFO  testCases.LoginTest - ******* Starting test 2 *****
2025-02-11 11:32:02 [main] INFO  testCases.LoginTest - ******* Entering login details *****
2025-02-11 11:32:03 [main] INFO  testCases.LoginTest - ******* Verificatio of login *****
2025-02-11 11:32:08 [main] DEBUG org.apache.poi.openxml4j.opc.PackageRelationshipCollection - Parsing relationship: /xl/_rels/workbook.xml.rels
2025-02-11 11:32:08 [main] DEBUG org.apache.poi.openxml4j.opc.PackageRelationshipCollection - Parsing relationship: /xl/worksheets/_rels/sheet1.xml.rels
2025-02-11 11:32:08 [main] DEBUG org.apache.poi.openxml4j.opc.PackageRelationshipCollection - Parsing relationship: /_rels/.rels
